<?xml version="1.0" encoding="UTF-8"?>
<testsuite xmlns:xsi="http://www.w3.org/2001/XMLSchema-instance" xsi:noNamespaceSchemaLocation="https://maven.apache.org/surefire/maven-surefire-plugin/xsd/surefire-test-report.xsd" version="3.0.2" name="Quote project" time="3.353" tests="1" errors="0" skipped="0" failures="0">
  <properties>
[...]
</properties>
  <testcase name="Quote smoke test oop" classname="Quote project" time="3.327">
    <system-out><![CDATA[
@quote @quote2
Scenario: Quote smoke test oop                          &amp#27;[90m# src/test/resources/features/quote.feature:13&amp#27;[0m
  &amp#27;[32mGiven &amp#27;[0m&amp#27;[32mI navigate to &amp#27;[0m&amp#27;[32m&amp#27;[1m"quote"&amp#27;[0m&amp#27;[32m page&amp#27;[0m                      &amp#27;[90m# definitions.QuoteStepsDefs.iNavigateToPage(java.lang.String)&amp#27;[0m
  &amp#27;[32mThen &amp#27;[0m&amp#27;[32mI verify the page title is &amp#27;[0m&amp#27;[32m&amp#27;[1m"Get a Quote"&amp#27;[0m         &amp#27;[90m# definitions.QuoteStepsDefs.iVerifyThePageTitleIs(java.lang.String)&amp#27;[0m
  &amp#27;[32mWhen &amp#27;[0m&amp#27;[32mI fill out the required fields on the form oop&amp#27;[0m   &amp#27;[90m# definitions.QuoteStepsDefs.iFillOutTheRequiredFieldsOnTheFormOop()&amp#27;[0m
  &amp#27;[32mAnd &amp#27;[0m&amp#27;[32mI submit the form oop&amp#27;[0m                             &amp#27;[90m# definitions.QuoteStepsDefs.iSubmitTheFormOop()&amp#27;[0m
  &amp#27;[32mThen &amp#27;[0m&amp#27;[32mI see required fields submitted successfully oop&amp#27;[0m &amp#27;[90m# definitions.QuoteStepsDefs.iSeeRequiredFieldsSubmittedSuccessfullyOop()&amp#27;[0m
]]></system-out>
    <system-err><![CDATA[Oct 30, 2024 11:43:58 AM org.openqa.selenium.devtools.CdpVersionFinder findNearestMatch
WARNING: Unable to find CDP implementation matching 130
Oct 30, 2024 11:43:58 AM org.openqa.selenium.chromium.ChromiumDriver lambda$new$5
WARNING: Unable to find version of CDP to use for 130.0.6723.70. You may need to include a dependency on a specific version of the CDP using something similar to `org.seleniumhq.selenium:selenium-devtools-v86:4.17.0` where the version ("v86") matches the version of the chromium-based browser you're using and the version number of the artifact is the same as Selenium's.
]]></system-err>
  </testcase>
</testsuite>