<?xml version="1.0" encoding="UTF-8"?>
<testsuite xmlns:xsi="http://www.w3.org/2001/XMLSchema-instance" xsi:noNamespaceSchemaLocation="https://maven.apache.org/surefire/maven-surefire-plugin/xsd/surefire-test-report.xsd" version="3.0.2" name="Quote project" time="2.142" tests="1" errors="0" skipped="0" failures="0">
  <properties>
[...]
</properties>
  <testcase name="Quote smoke test" classname="Quote project" time="2.111">
    <system-out><![CDATA[
@quote @quote1
Scenario: Quote smoke test                          &amp#27;[90m# src/test/resources/features/quote.feature:5&amp#27;[0m
  &amp#27;[32mGiven &amp#27;[0m&amp#27;[32mI navigate to &amp#27;[0m&amp#27;[32m&amp#27;[1m"quote"&amp#27;[0m&amp#27;[32m page&amp#27;[0m                  &amp#27;[90m# definitions.QuoteStepsDefs.iNavigateToPage(java.lang.String)&amp#27;[0m
  &amp#27;[32mThen &amp#27;[0m&amp#27;[32mI verify the page title is &amp#27;[0m&amp#27;[32m&amp#27;[1m"Get a Quote"&amp#27;[0m     &amp#27;[90m# definitions.QuoteStepsDefs.iVerifyThePageTitleIs(java.lang.String)&amp#27;[0m
  &amp#27;[32mWhen &amp#27;[0m&amp#27;[32mI fill out the required fields on the form&amp#27;[0m   &amp#27;[90m# definitions.QuoteStepsDefs.iFillOutTheRequiredFieldsOnTheForm()&amp#27;[0m
  &amp#27;[32mAnd &amp#27;[0m&amp#27;[32mI submit the form&amp#27;[0m                             &amp#27;[90m# definitions.QuoteStepsDefs.iSubmitTheForm()&amp#27;[0m
  &amp#27;[32mThen &amp#27;[0m&amp#27;[32mI see required fields submitted successfully&amp#27;[0m &amp#27;[90m# definitions.QuoteStepsDefs.iSeeRequiredFieldsSubmittedSuccessfully()&amp#27;[0m
]]></system-out>
    <system-err><![CDATA[Nov 04, 2024 7:13:46 PM org.openqa.selenium.devtools.CdpVersionFinder findNearestMatch
WARNING: Unable to find an exact match for CDP version 130, returning the closest version; found: 127; Please update to a Selenium version that supports CDP version 130
]]></system-err>
  </testcase>
</testsuite>